2023-03-30 12:26:55,906 INFO o.a.j.u.JMeterUtils: Setting Locale to en_EN
2023-03-30 12:26:55,918 INFO o.a.j.JMeter: Loading user properties from: C:\Users\shadan\Documents\jmeter\apache-jmeter-5.5\bin\user.properties
2023-03-30 12:26:55,919 INFO o.a.j.JMeter: Loading system properties from: C:\Users\shadan\Documents\jmeter\apache-jmeter-5.5\bin\system.properties
2023-03-30 12:26:55,919 INFO o.a.j.JMeter: Setting JMeter property: threads=2
2023-03-30 12:26:55,919 INFO o.a.j.JMeter: Setting JMeter property: loops=1
2023-03-30 12:26:55,919 INFO o.a.j.JMeter: Setting JMeter property: serverUrl=www.flipkart.com
2023-03-30 12:26:55,919 INFO o.a.j.JMeter: Setting JMeter property: httpMethod=GET
2023-03-30 12:26:55,926 INFO o.a.j.JMeter: Copyright (c) 1998-2022 The Apache Software Foundation
2023-03-30 12:26:55,926 INFO o.a.j.JMeter: Version 5.5
2023-03-30 12:26:55,926 INFO o.a.j.JMeter: java.version=1.8.0_341
2023-03-30 12:26:55,926 INFO o.a.j.JMeter: java.vm.name=Java HotSpot(TM) 64-Bit Server VM
2023-03-30 12:26:55,926 INFO o.a.j.JMeter: os.name=Windows 10
2023-03-30 12:26:55,926 INFO o.a.j.JMeter: os.arch=amd64
2023-03-30 12:26:55,927 INFO o.a.j.JMeter: os.version=10.0
2023-03-30 12:26:55,927 INFO o.a.j.JMeter: file.encoding=Cp1252
2023-03-30 12:26:55,927 INFO o.a.j.JMeter: java.awt.headless=true
2023-03-30 12:26:55,927 INFO o.a.j.JMeter: Max memory     =1073741824
2023-03-30 12:26:55,927 INFO o.a.j.JMeter: Available Processors =8
2023-03-30 12:26:55,930 INFO o.a.j.JMeter: Default Locale=English (EN)
2023-03-30 12:26:55,931 INFO o.a.j.JMeter: JMeter  Locale=English (EN)
2023-03-30 12:26:55,931 INFO o.a.j.JMeter: JMeterHome=C:\Users\shadan\Documents\jmeter\apache-jmeter-5.5
2023-03-30 12:26:55,931 INFO o.a.j.JMeter: user.dir  =C:\Users\shadan\Desktop\C#\jmsampler\jmsampler\bin\Debug\net6.0
2023-03-30 12:26:55,931 INFO o.a.j.JMeter: PWD       =C:\Users\shadan\Desktop\C#\jmsampler\jmsampler\bin\Debug\net6.0
2023-03-30 12:26:55,937 INFO o.a.j.JMeter: IP: 192.168.18.32 Name: SHADAN FullName: SHADAN
2023-03-30 12:26:55,950 INFO o.a.j.JMeter: Setting property 'jmeter.reportgenerator.outputdir' to:'D:\report1300323 122654'
2023-03-30 12:26:55,952 INFO o.a.j.s.FileServer: Default base='C:\Users\shadan\Desktop\C#\jmsampler\jmsampler\bin\Debug\net6.0'
2023-03-30 12:26:55,953 INFO o.a.j.s.FileServer: Set new base='C:\Users\shadan\Documents\jmeter\apache-jmeter-5.5\bin'
2023-03-30 12:26:56,097 INFO o.a.j.s.SaveService: Testplan (JMX) version: 2.2. Testlog (JTL) version: 2.2
2023-03-30 12:26:56,141 INFO o.a.j.s.SaveService: Using SaveService properties file encoding UTF-8
2023-03-30 12:26:56,149 INFO o.a.j.s.SaveService: Using SaveService properties version 5.0
2023-03-30 12:26:56,169 INFO o.a.j.s.SaveService: Loading file: C:\Users\shadan\Documents\jmeter\apache-jmeter-5.5\bin\Plantest2.jmx
2023-03-30 12:26:56,280 INFO o.a.j.p.h.s.HTTPSamplerBase: Parser for text/html is org.apache.jmeter.protocol.http.parser.LagartoBasedHtmlParser
2023-03-30 12:26:56,281 INFO o.a.j.p.h.s.HTTPSamplerBase: Parser for application/xhtml+xml is org.apache.jmeter.protocol.http.parser.LagartoBasedHtmlParser
2023-03-30 12:26:56,281 INFO o.a.j.p.h.s.HTTPSamplerBase: Parser for application/xml is org.apache.jmeter.protocol.http.parser.LagartoBasedHtmlParser
2023-03-30 12:26:56,281 INFO o.a.j.p.h.s.HTTPSamplerBase: Parser for text/xml is org.apache.jmeter.protocol.http.parser.LagartoBasedHtmlParser
2023-03-30 12:26:56,281 INFO o.a.j.p.h.s.HTTPSamplerBase: Parser for text/vnd.wap.wml is org.apache.jmeter.protocol.http.parser.RegexpHTMLParser
2023-03-30 12:26:56,281 INFO o.a.j.p.h.s.HTTPSamplerBase: Parser for text/css is org.apache.jmeter.protocol.http.parser.CssParser
2023-03-30 12:26:56,820 INFO o.a.j.JMeter: Creating summariser <summary>
2023-03-30 12:26:56,829 INFO o.a.j.r.d.ReportGenerator: ReportGenerator will use for Parsing the separator: ','
2023-03-30 12:26:56,829 INFO o.a.j.r.d.ReportGenerator: Will generate report at end of test from  results file: D:\logjemter.txt300323 122654
2023-03-30 12:26:56,829 INFO o.a.j.r.d.ReportGenerator: Reading report generator properties from: C:\Users\shadan\Documents\jmeter\apache-jmeter-5.5\bin\reportgenerator.properties
2023-03-30 12:26:56,831 INFO o.a.j.r.d.ReportGenerator: Merging with JMeter properties
2023-03-30 12:26:56,840 INFO o.a.j.r.c.ReportGeneratorConfiguration: Property 'jmeter.reportgenerator.temp_dir' not found, using default value 'temp' instead.
2023-03-30 12:26:56,845 INFO o.a.j.r.c.ReportGeneratorConfiguration: Property 'jmeter.reportgenerator.apdex_per_transaction' not found, using default value 'null' instead.
2023-03-30 12:26:56,845 INFO o.a.j.r.c.ReportGeneratorConfiguration: apdex_per_transaction is empty, not APDEX per transaction customization
2023-03-30 12:26:56,845 INFO o.a.j.r.c.ReportGeneratorConfiguration: Property 'jmeter.reportgenerator.sample_filter' not found, using default value 'null' instead.
2023-03-30 12:26:56,846 INFO o.a.j.r.c.ReportGeneratorConfiguration: Property 'jmeter.reportgenerator.report_title' not found, using default value 'null' instead.
2023-03-30 12:26:56,846 INFO o.a.j.r.c.ReportGeneratorConfiguration: Property 'jmeter.reportgenerator.start_date' not found, using default value 'null' instead.
2023-03-30 12:26:56,846 INFO o.a.j.r.c.ReportGeneratorConfiguration: Property 'jmeter.reportgenerator.end_date' not found, using default value 'null' instead.
2023-03-30 12:26:56,846 INFO o.a.j.r.c.ReportGeneratorConfiguration: Property 'jmeter.reportgenerator.date_format' not found, using default value 'null' instead.
2023-03-30 12:26:56,846 INFO o.a.j.r.c.ReportGeneratorConfiguration: Will use date range start date: null, end date: null
2023-03-30 12:26:56,853 INFO o.a.j.r.c.ReportGeneratorConfiguration: Property 'jmeter.reportgenerator.graph.totalTPS.exclude_controllers' not found, using default value 'false' instead.
2023-03-30 12:26:56,853 INFO o.a.j.r.c.ReportGeneratorConfiguration: Property 'jmeter.reportgenerator.graph.activeThreadsOverTime.exclude_controllers' not found, using default value 'false' instead.
2023-03-30 12:26:56,853 INFO o.a.j.r.c.ReportGeneratorConfiguration: Property 'jmeter.reportgenerator.graph.timeVsThreads.exclude_controllers' not found, using default value 'false' instead.
2023-03-30 12:26:56,853 INFO o.a.j.r.c.ReportGeneratorConfiguration: Property 'jmeter.reportgenerator.graph.responseTimeDistribution.exclude_controllers' not found, using default value 'false' instead.
2023-03-30 12:26:56,853 INFO o.a.j.r.c.ReportGeneratorConfiguration: Property 'jmeter.reportgenerator.graph.transactionsPerSecond.exclude_controllers' not found, using default value 'false' instead.
2023-03-30 12:26:56,853 INFO o.a.j.r.c.ReportGeneratorConfiguration: Property 'jmeter.reportgenerator.graph.responseTimePercentiles.exclude_controllers' not found, using default value 'false' instead.
2023-03-30 12:26:56,854 INFO o.a.j.r.c.ReportGeneratorConfiguration: Property 'jmeter.reportgenerator.graph.responseTimePercentilesOverTime.exclude_controllers' not found, using default value 'false' instead.
2023-03-30 12:26:56,854 INFO o.a.j.r.c.ReportGeneratorConfiguration: Property 'jmeter.reportgenerator.graph.responseTimesOverTime.exclude_controllers' not found, using default value 'false' instead.
2023-03-30 12:26:56,854 INFO o.a.j.r.c.ReportGeneratorConfiguration: Property 'jmeter.reportgenerator.graph.connectTimeOverTime.exclude_controllers' not found, using default value 'false' instead.
2023-03-30 12:26:56,854 INFO o.a.j.r.c.ReportGeneratorConfiguration: Property 'jmeter.reportgenerator.graph.latenciesOverTime.exclude_controllers' not found, using default value 'false' instead.
2023-03-30 12:26:56,857 INFO o.a.j.r.c.ReportGeneratorConfiguration: Property 'jmeter.reportgenerator.exporter.json.filters_only_sample_series' not found, using default value 'true' instead.
2023-03-30 12:26:56,857 INFO o.a.j.r.c.ReportGeneratorConfiguration: Property 'jmeter.reportgenerator.exporter.json.series_filter' not found, using default value '' instead.
2023-03-30 12:26:56,857 INFO o.a.j.r.c.ReportGeneratorConfiguration: Property 'jmeter.reportgenerator.exporter.json.show_controllers_only' not found, using default value 'false' instead.
2023-03-30 12:26:56,859 INFO o.a.j.r.c.ReportGeneratorConfiguration: Property 'jmeter.reportgenerator.exporter.html.filters_only_sample_series' not found, using default value 'true' instead.
2023-03-30 12:26:56,859 INFO o.a.j.r.c.ReportGeneratorConfiguration: Property 'jmeter.reportgenerator.exporter.html.series_filter' not found, using default value '' instead.
2023-03-30 12:26:56,859 INFO o.a.j.r.c.ReportGeneratorConfiguration: Property 'jmeter.reportgenerator.exporter.html.show_controllers_only' not found, using default value 'false' instead.
2023-03-30 12:26:56,870 INFO o.a.j.e.StandardJMeterEngine: Running the test!
2023-03-30 12:26:56,872 INFO o.a.j.s.SampleEvent: List of sample_variables: []
2023-03-30 12:26:56,872 INFO o.a.j.s.SampleEvent: List of sample_variables: []
2023-03-30 12:26:56,878 INFO o.a.j.e.u.CompoundVariable: Note: Function class names must contain the string: '.functions.'
2023-03-30 12:26:56,879 INFO o.a.j.e.u.CompoundVariable: Note: Function class names must not contain the string: '.gui.'
2023-03-30 12:26:57,319 INFO o.a.j.JMeter: Running test (1680159417319)
2023-03-30 12:26:57,378 INFO o.a.j.e.StandardJMeterEngine: Starting ThreadGroup: 1 : Thread Group
2023-03-30 12:26:57,379 INFO o.a.j.e.StandardJMeterEngine: Starting 2 threads for group Thread Group.
2023-03-30 12:26:57,379 INFO o.a.j.e.StandardJMeterEngine: Thread will continue on error
2023-03-30 12:26:57,379 INFO o.a.j.t.ThreadGroup: Starting thread group... number=1 threads=2 ramp-up=1 delayedStart=false
2023-03-30 12:26:57,388 INFO o.a.j.t.ThreadGroup: Started thread group number 1
2023-03-30 12:26:57,388 INFO o.a.j.e.StandardJMeterEngine: All thread groups have been started
2023-03-30 12:26:57,392 INFO o.a.j.t.JMeterThread: Thread started: Thread Group 1-1
2023-03-30 12:26:57,415 INFO o.a.j.p.h.s.HTTPHCAbstractImpl: Local host = SHADAN
2023-03-30 12:26:57,424 INFO o.a.j.p.h.s.HTTPHC4Impl: HTTP request retry count = 0
2023-03-30 12:26:57,426 INFO o.a.j.s.SampleResult: Note: Sample TimeStamps are START times
2023-03-30 12:26:57,426 INFO o.a.j.s.SampleResult: sampleresult.default.encoding is set to ISO-8859-1
2023-03-30 12:26:57,426 INFO o.a.j.s.SampleResult: sampleresult.useNanoTime=true
2023-03-30 12:26:57,426 INFO o.a.j.s.SampleResult: sampleresult.nanoThreadSleep=5000
2023-03-30 12:26:57,668 INFO o.a.j.p.h.s.h.LazyLayeredConnectionSocketFactory: Setting up HTTPS TrustAll Socket Factory
2023-03-30 12:26:57,676 INFO o.a.j.u.JsseSSLManager: Using default SSL protocol: TLS
2023-03-30 12:26:57,676 INFO o.a.j.u.JsseSSLManager: SSL session context: per-thread
2023-03-30 12:26:57,885 INFO o.a.j.t.JMeterThread: Thread started: Thread Group 1-2
2023-03-30 12:26:58,586 INFO o.a.j.u.SSLManager: JmeterKeyStore Location:  type JKS
2023-03-30 12:26:58,590 INFO o.a.j.u.SSLManager: KeyStore created OK
2023-03-30 12:26:58,590 WARN o.a.j.u.SSLManager: Keystore file not found, loading empty keystore
2023-03-30 12:27:00,324 INFO o.a.j.r.Summariser: summary +      1 in 00:00:03 =    0.3/s Avg:  2797 Min:  2797 Max:  2797 Err:     0 (0.00%) Active: 2 Started: 2 Finished: 0
2023-03-30 12:27:00,324 INFO o.a.j.t.JMeterThread: Thread is done: Thread Group 1-1
2023-03-30 12:27:00,324 INFO o.a.j.t.JMeterThread: Thread finished: Thread Group 1-1
2023-03-30 12:27:00,464 INFO o.a.j.t.JMeterThread: Thread is done: Thread Group 1-2
2023-03-30 12:27:00,465 INFO o.a.j.t.JMeterThread: Thread finished: Thread Group 1-2
2023-03-30 12:27:00,465 INFO o.a.j.e.StandardJMeterEngine: Notifying test listeners of end of test
2023-03-30 12:27:00,467 INFO o.a.j.r.Summariser: summary +      1 in 00:00:00 =    6.9/s Avg:  2579 Min:  2579 Max:  2579 Err:     0 (0.00%) Active: 0 Started: 2 Finished: 2
2023-03-30 12:27:00,468 INFO o.a.j.r.Summariser: summary =      2 in 00:00:03 =    0.6/s Avg:  2688 Min:  2579 Max:  2797 Err:     0 (0.00%)
2023-03-30 12:27:00,468 INFO o.a.j.JMeter: Generating Dashboard
2023-03-30 12:27:00,468 INFO o.a.j.r.d.ReportGenerator: Flushing result collector before report Generation
2023-03-30 12:27:00,490 INFO o.a.j.r.p.NormalizerSampleConsumer: Using format, 'ms', to parse timeStamp field
2023-03-30 12:27:00,537 INFO o.a.j.r.p.AbstractSampleConsumer: class org.apache.jmeter.report.processor.AggregateConsumer#stopProducing(): beginDate produced 0 samples
2023-03-30 12:27:00,537 INFO o.a.j.r.p.AbstractSampleConsumer: class org.apache.jmeter.report.processor.AggregateConsumer#stopProducing(): endDate produced 0 samples
2023-03-30 12:27:00,539 INFO o.a.j.r.p.AbstractSampleConsumer: class org.apache.jmeter.report.processor.ApdexSummaryConsumer#stopProducing(): apdexSummary produced 0 samples
2023-03-30 12:27:00,539 INFO o.a.j.r.p.AbstractSampleConsumer: class org.apache.jmeter.report.processor.RequestsSummaryConsumer#stopProducing(): requestsSummary produced 0 samples
2023-03-30 12:27:00,544 INFO o.a.j.r.p.AbstractSampleConsumer: class org.apache.jmeter.report.processor.StatisticsSummaryConsumer#stopProducing(): statisticsSummary produced 0 samples
2023-03-30 12:27:00,546 INFO o.a.j.r.p.AbstractSampleConsumer: class org.apache.jmeter.report.processor.Top5ErrorsBySamplerConsumer#stopProducing(): top5ErrorsBySampler produced 0 samples
2023-03-30 12:27:00,546 INFO o.a.j.r.p.AbstractSampleConsumer: class org.apache.jmeter.report.processor.ErrorsSummaryConsumer#stopProducing(): errorsSummary produced 0 samples
2023-03-30 12:27:00,546 INFO o.a.j.r.p.AbstractSampleConsumer: class org.apache.jmeter.report.processor.graph.impl.HitsPerSecondGraphConsumer#stopProducing(): hitsPerSecond produced 0 samples
2023-03-30 12:27:00,555 INFO o.a.j.r.p.AbstractSampleConsumer: class org.apache.jmeter.report.processor.graph.impl.LatencyVSRequestGraphConsumer#stopProducing(): latencyVsRequest produced 0 samples
2023-03-30 12:27:00,556 INFO o.a.j.r.p.AbstractSampleConsumer: class org.apache.jmeter.report.processor.graph.impl.SyntheticResponseTimeDistributionGraphConsumer#stopProducing(): syntheticResponseTimeDistribution produced 0 samples
2023-03-30 12:27:00,556 INFO o.a.j.r.p.AbstractSampleConsumer: class org.apache.jmeter.report.processor.graph.impl.BytesThroughputGraphConsumer#stopProducing(): bytesThroughputOverTime produced 0 samples
2023-03-30 12:27:00,556 INFO o.a.j.r.p.AbstractSampleConsumer: class org.apache.jmeter.report.processor.graph.impl.CodesPerSecondGraphConsumer#stopProducing(): codesPerSecond produced 0 samples
2023-03-30 12:27:00,560 INFO o.a.j.r.p.AbstractSampleConsumer: class org.apache.jmeter.report.processor.graph.impl.ResponseTimeVSRequestGraphConsumer#stopProducing(): responseTimeVsRequest produced 0 samples
2023-03-30 12:27:00,560 INFO o.a.j.r.p.AbstractSampleConsumer: class org.apache.jmeter.report.processor.FilterConsumer#stopProducing(): startIntervalControlerFilter produced 42 samples
2023-03-30 12:27:00,561 INFO o.a.j.r.p.AbstractSampleConsumer: class org.apache.jmeter.report.processor.graph.impl.TotalTPSGraphConsumer#stopProducing(): totalTPS produced 0 samples
2023-03-30 12:27:00,561 INFO o.a.j.r.p.AbstractSampleConsumer: class org.apache.jmeter.report.processor.graph.impl.ActiveThreadsGraphConsumer#stopProducing(): activeThreadsOverTime produced 0 samples
2023-03-30 12:27:00,561 INFO o.a.j.r.p.AbstractSampleConsumer: class org.apache.jmeter.report.processor.graph.impl.TimeVSThreadGraphConsumer#stopProducing(): timeVsThreads produced 0 samples
2023-03-30 12:27:00,561 INFO o.a.j.r.p.AbstractSampleConsumer: class org.apache.jmeter.report.processor.graph.impl.ResponseTimeDistributionGraphConsumer#stopProducing(): responseTimeDistribution produced 0 samples
2023-03-30 12:27:00,561 INFO o.a.j.r.p.AbstractSampleConsumer: class org.apache.jmeter.report.processor.graph.impl.TransactionsPerSecondGraphConsumer#stopProducing(): transactionsPerSecond produced 0 samples
2023-03-30 12:27:00,561 INFO o.a.j.r.p.AbstractSampleConsumer: class org.apache.jmeter.report.processor.graph.impl.ResponseTimePercentilesGraphConsumer#stopProducing(): responseTimePercentiles produced 0 samples
2023-03-30 12:27:00,562 INFO o.a.j.r.p.AbstractSampleConsumer: class org.apache.jmeter.report.processor.graph.impl.ResponseTimePercentilesOverTimeGraphConsumer#stopProducing(): responseTimePercentilesOverTime produced 0 samples
2023-03-30 12:27:00,562 INFO o.a.j.r.p.AbstractSampleConsumer: class org.apache.jmeter.report.processor.graph.impl.ResponseTimeOverTimeGraphConsumer#stopProducing(): responseTimesOverTime produced 0 samples
2023-03-30 12:27:00,562 INFO o.a.j.r.p.AbstractSampleConsumer: class org.apache.jmeter.report.processor.graph.impl.ConnectTimeOverTimeGraphConsumer#stopProducing(): connectTimeOverTime produced 0 samples
2023-03-30 12:27:00,563 INFO o.a.j.r.p.AbstractSampleConsumer: class org.apache.jmeter.report.processor.graph.impl.LatencyOverTimeGraphConsumer#stopProducing(): latenciesOverTime produced 0 samples
2023-03-30 12:27:00,563 INFO o.a.j.r.p.AbstractSampleConsumer: class org.apache.jmeter.report.processor.FilterConsumer#stopProducing(): nameFilter produced 90 samples
2023-03-30 12:27:00,563 INFO o.a.j.r.p.AbstractSampleConsumer: class org.apache.jmeter.report.processor.FilterConsumer#stopProducing(): dateRangeFilter produced 18 samples
2023-03-30 12:27:00,563 INFO o.a.j.r.p.AbstractSampleConsumer: class org.apache.jmeter.report.processor.NormalizerSampleConsumer#stopProducing(): normalizer produced 6 samples
2023-03-30 12:27:00,564 INFO o.a.j.r.p.CsvFileSampleSource: produce(): 6 samples produced in 55ms on channel 0
2023-03-30 12:27:00,564 INFO o.a.j.r.d.ReportGenerator: Exporting data using exporter:'json' of className:'org.apache.jmeter.report.dashboard.JsonExporter'
2023-03-30 12:27:00,665 INFO o.a.j.r.d.JsonExporter: Found data for consumer statisticsSummary in context
2023-03-30 12:27:00,666 INFO o.a.j.r.d.JsonExporter: Creating statistics for overall
2023-03-30 12:27:00,666 INFO o.a.j.r.d.JsonExporter: Creating statistics for other transactions
2023-03-30 12:27:00,667 INFO o.a.j.r.d.JsonExporter: Checking output folder
2023-03-30 12:27:00,667 INFO o.a.j.r.d.JsonExporter: Writing statistics JSON to D:\report1300323 122654\statistics.json
2023-03-30 12:27:00,697 INFO o.a.j.r.d.ReportGenerator: Exporting data using exporter:'html' of className:'org.apache.jmeter.report.dashboard.HtmlTemplateExporter'
2023-03-30 12:27:00,698 INFO o.a.j.r.d.HtmlTemplateExporter: Will generate dashboard in folder: D:\report1300323 122654
2023-03-30 12:27:00,778 INFO o.a.j.r.d.HtmlTemplateExporter: Report will be generated in: D:\report1300323 122654, creating folder structure
2023-03-30 12:27:00,780 INFO o.a.j.r.d.TemplateVisitor: Copying folder from 'C:\Users\shadan\Documents\jmeter\apache-jmeter-5.5\bin\report-template' to 'D:\report1300323 122654', got message: D:\report1300323 122654, found non empty folder with following content [D:\report1300323 122654\statistics.json], will be ignored
2023-03-30 12:27:01,089 INFO o.a.j.JMeter: Dashboard generated
