2023-03-30 12:28:07,690 INFO o.a.j.u.JMeterUtils: Setting Locale to en_EN
2023-03-30 12:28:07,709 INFO o.a.j.JMeter: Loading user properties from: C:\Users\shadan\Documents\jmeter\apache-jmeter-5.5\bin\user.properties
2023-03-30 12:28:07,711 INFO o.a.j.JMeter: Loading system properties from: C:\Users\shadan\Documents\jmeter\apache-jmeter-5.5\bin\system.properties
2023-03-30 12:28:07,711 INFO o.a.j.JMeter: Setting JMeter property: threads=2
2023-03-30 12:28:07,711 INFO o.a.j.JMeter: Setting JMeter property: loops=1
2023-03-30 12:28:07,711 INFO o.a.j.JMeter: Setting JMeter property: serverUrl=www.flipkart.com
2023-03-30 12:28:07,711 INFO o.a.j.JMeter: Setting JMeter property: httpMethod=GET
2023-03-30 12:28:07,724 INFO o.a.j.JMeter: Copyright (c) 1998-2022 The Apache Software Foundation
2023-03-30 12:28:07,724 INFO o.a.j.JMeter: Version 5.5
2023-03-30 12:28:07,724 INFO o.a.j.JMeter: java.version=1.8.0_341
2023-03-30 12:28:07,725 INFO o.a.j.JMeter: java.vm.name=Java HotSpot(TM) 64-Bit Server VM
2023-03-30 12:28:07,725 INFO o.a.j.JMeter: os.name=Windows 10
2023-03-30 12:28:07,725 INFO o.a.j.JMeter: os.arch=amd64
2023-03-30 12:28:07,725 INFO o.a.j.JMeter: os.version=10.0
2023-03-30 12:28:07,725 INFO o.a.j.JMeter: file.encoding=Cp1252
2023-03-30 12:28:07,725 INFO o.a.j.JMeter: java.awt.headless=true
2023-03-30 12:28:07,725 INFO o.a.j.JMeter: Max memory     =1073741824
2023-03-30 12:28:07,725 INFO o.a.j.JMeter: Available Processors =8
2023-03-30 12:28:07,731 INFO o.a.j.JMeter: Default Locale=English (EN)
2023-03-30 12:28:07,731 INFO o.a.j.JMeter: JMeter  Locale=English (EN)
2023-03-30 12:28:07,731 INFO o.a.j.JMeter: JMeterHome=C:\Users\shadan\Documents\jmeter\apache-jmeter-5.5
2023-03-30 12:28:07,731 INFO o.a.j.JMeter: user.dir  =C:\Users\shadan\Desktop\C#\JmeterSamplernew\JmeterSamplernew\bin\Debug\net6.0
2023-03-30 12:28:07,731 INFO o.a.j.JMeter: PWD       =C:\Users\shadan\Desktop\C#\JmeterSamplernew\JmeterSamplernew\bin\Debug\net6.0
2023-03-30 12:28:07,733 INFO o.a.j.JMeter: IP: 192.168.18.32 Name: SHADAN FullName: SHADAN
2023-03-30 12:28:07,753 INFO o.a.j.JMeter: Setting property 'jmeter.reportgenerator.outputdir' to:'D:\report1300323 122806'
2023-03-30 12:28:07,756 INFO o.a.j.s.FileServer: Default base='C:\Users\shadan\Desktop\C#\JmeterSamplernew\JmeterSamplernew\bin\Debug\net6.0'
2023-03-30 12:28:07,757 INFO o.a.j.s.FileServer: Set new base='C:\Users\shadan\Documents\jmeter\apache-jmeter-5.5\bin'
2023-03-30 12:28:07,887 INFO o.a.j.s.SaveService: Testplan (JMX) version: 2.2. Testlog (JTL) version: 2.2
2023-03-30 12:28:07,902 INFO o.a.j.s.SaveService: Using SaveService properties file encoding UTF-8
2023-03-30 12:28:07,906 INFO o.a.j.s.SaveService: Using SaveService properties version 5.0
2023-03-30 12:28:07,911 INFO o.a.j.s.SaveService: Loading file: C:\Users\shadan\Documents\jmeter\apache-jmeter-5.5\bin\Plantest2.jmx
2023-03-30 12:28:07,953 INFO o.a.j.p.h.s.HTTPSamplerBase: Parser for text/html is org.apache.jmeter.protocol.http.parser.LagartoBasedHtmlParser
2023-03-30 12:28:07,953 INFO o.a.j.p.h.s.HTTPSamplerBase: Parser for application/xhtml+xml is org.apache.jmeter.protocol.http.parser.LagartoBasedHtmlParser
2023-03-30 12:28:07,953 INFO o.a.j.p.h.s.HTTPSamplerBase: Parser for application/xml is org.apache.jmeter.protocol.http.parser.LagartoBasedHtmlParser
2023-03-30 12:28:07,953 INFO o.a.j.p.h.s.HTTPSamplerBase: Parser for text/xml is org.apache.jmeter.protocol.http.parser.LagartoBasedHtmlParser
2023-03-30 12:28:07,953 INFO o.a.j.p.h.s.HTTPSamplerBase: Parser for text/vnd.wap.wml is org.apache.jmeter.protocol.http.parser.RegexpHTMLParser
2023-03-30 12:28:07,953 INFO o.a.j.p.h.s.HTTPSamplerBase: Parser for text/css is org.apache.jmeter.protocol.http.parser.CssParser
2023-03-30 12:28:08,406 INFO o.a.j.JMeter: Creating summariser <summary>
2023-03-30 12:28:08,414 INFO o.a.j.r.d.ReportGenerator: ReportGenerator will use for Parsing the separator: ','
2023-03-30 12:28:08,414 INFO o.a.j.r.d.ReportGenerator: Will generate report at end of test from  results file: D:\logjemter.txt300323 122806
2023-03-30 12:28:08,414 INFO o.a.j.r.d.ReportGenerator: Reading report generator properties from: C:\Users\shadan\Documents\jmeter\apache-jmeter-5.5\bin\reportgenerator.properties
2023-03-30 12:28:08,432 INFO o.a.j.r.d.ReportGenerator: Merging with JMeter properties
2023-03-30 12:28:08,444 INFO o.a.j.r.c.ReportGeneratorConfiguration: Property 'jmeter.reportgenerator.temp_dir' not found, using default value 'temp' instead.
2023-03-30 12:28:08,458 INFO o.a.j.r.c.ReportGeneratorConfiguration: Property 'jmeter.reportgenerator.apdex_per_transaction' not found, using default value 'null' instead.
2023-03-30 12:28:08,458 INFO o.a.j.r.c.ReportGeneratorConfiguration: apdex_per_transaction is empty, not APDEX per transaction customization
2023-03-30 12:28:08,458 INFO o.a.j.r.c.ReportGeneratorConfiguration: Property 'jmeter.reportgenerator.sample_filter' not found, using default value 'null' instead.
2023-03-30 12:28:08,458 INFO o.a.j.r.c.ReportGeneratorConfiguration: Property 'jmeter.reportgenerator.report_title' not found, using default value 'null' instead.
2023-03-30 12:28:08,458 INFO o.a.j.r.c.ReportGeneratorConfiguration: Property 'jmeter.reportgenerator.start_date' not found, using default value 'null' instead.
2023-03-30 12:28:08,458 INFO o.a.j.r.c.ReportGeneratorConfiguration: Property 'jmeter.reportgenerator.end_date' not found, using default value 'null' instead.
2023-03-30 12:28:08,459 INFO o.a.j.r.c.ReportGeneratorConfiguration: Property 'jmeter.reportgenerator.date_format' not found, using default value 'null' instead.
2023-03-30 12:28:08,459 INFO o.a.j.r.c.ReportGeneratorConfiguration: Will use date range start date: null, end date: null
2023-03-30 12:28:08,468 INFO o.a.j.r.c.ReportGeneratorConfiguration: Property 'jmeter.reportgenerator.graph.totalTPS.exclude_controllers' not found, using default value 'false' instead.
2023-03-30 12:28:08,468 INFO o.a.j.r.c.ReportGeneratorConfiguration: Property 'jmeter.reportgenerator.graph.activeThreadsOverTime.exclude_controllers' not found, using default value 'false' instead.
2023-03-30 12:28:08,469 INFO o.a.j.r.c.ReportGeneratorConfiguration: Property 'jmeter.reportgenerator.graph.timeVsThreads.exclude_controllers' not found, using default value 'false' instead.
2023-03-30 12:28:08,469 INFO o.a.j.r.c.ReportGeneratorConfiguration: Property 'jmeter.reportgenerator.graph.responseTimeDistribution.exclude_controllers' not found, using default value 'false' instead.
2023-03-30 12:28:08,469 INFO o.a.j.r.c.ReportGeneratorConfiguration: Property 'jmeter.reportgenerator.graph.transactionsPerSecond.exclude_controllers' not found, using default value 'false' instead.
2023-03-30 12:28:08,470 INFO o.a.j.r.c.ReportGeneratorConfiguration: Property 'jmeter.reportgenerator.graph.responseTimePercentiles.exclude_controllers' not found, using default value 'false' instead.
2023-03-30 12:28:08,470 INFO o.a.j.r.c.ReportGeneratorConfiguration: Property 'jmeter.reportgenerator.graph.responseTimePercentilesOverTime.exclude_controllers' not found, using default value 'false' instead.
2023-03-30 12:28:08,470 INFO o.a.j.r.c.ReportGeneratorConfiguration: Property 'jmeter.reportgenerator.graph.responseTimesOverTime.exclude_controllers' not found, using default value 'false' instead.
2023-03-30 12:28:08,471 INFO o.a.j.r.c.ReportGeneratorConfiguration: Property 'jmeter.reportgenerator.graph.connectTimeOverTime.exclude_controllers' not found, using default value 'false' instead.
2023-03-30 12:28:08,471 INFO o.a.j.r.c.ReportGeneratorConfiguration: Property 'jmeter.reportgenerator.graph.latenciesOverTime.exclude_controllers' not found, using default value 'false' instead.
2023-03-30 12:28:08,475 INFO o.a.j.r.c.ReportGeneratorConfiguration: Property 'jmeter.reportgenerator.exporter.json.filters_only_sample_series' not found, using default value 'true' instead.
2023-03-30 12:28:08,476 INFO o.a.j.r.c.ReportGeneratorConfiguration: Property 'jmeter.reportgenerator.exporter.json.series_filter' not found, using default value '' instead.
2023-03-30 12:28:08,476 INFO o.a.j.r.c.ReportGeneratorConfiguration: Property 'jmeter.reportgenerator.exporter.json.show_controllers_only' not found, using default value 'false' instead.
2023-03-30 12:28:08,477 INFO o.a.j.r.c.ReportGeneratorConfiguration: Property 'jmeter.reportgenerator.exporter.html.filters_only_sample_series' not found, using default value 'true' instead.
2023-03-30 12:28:08,478 INFO o.a.j.r.c.ReportGeneratorConfiguration: Property 'jmeter.reportgenerator.exporter.html.series_filter' not found, using default value '' instead.
2023-03-30 12:28:08,478 INFO o.a.j.r.c.ReportGeneratorConfiguration: Property 'jmeter.reportgenerator.exporter.html.show_controllers_only' not found, using default value 'false' instead.
2023-03-30 12:28:08,491 INFO o.a.j.e.StandardJMeterEngine: Running the test!
2023-03-30 12:28:08,492 INFO o.a.j.s.SampleEvent: List of sample_variables: []
2023-03-30 12:28:08,492 INFO o.a.j.s.SampleEvent: List of sample_variables: []
2023-03-30 12:28:08,498 INFO o.a.j.e.u.CompoundVariable: Note: Function class names must contain the string: '.functions.'
2023-03-30 12:28:08,499 INFO o.a.j.e.u.CompoundVariable: Note: Function class names must not contain the string: '.gui.'
2023-03-30 12:28:08,898 INFO o.a.j.JMeter: Running test (1680159488898)
2023-03-30 12:28:08,931 INFO o.a.j.e.StandardJMeterEngine: Starting ThreadGroup: 1 : Thread Group
2023-03-30 12:28:08,931 INFO o.a.j.e.StandardJMeterEngine: Starting 2 threads for group Thread Group.
2023-03-30 12:28:08,931 INFO o.a.j.e.StandardJMeterEngine: Thread will continue on error
2023-03-30 12:28:08,931 INFO o.a.j.t.ThreadGroup: Starting thread group... number=1 threads=2 ramp-up=1 delayedStart=false
2023-03-30 12:28:08,935 INFO o.a.j.t.ThreadGroup: Started thread group number 1
2023-03-30 12:28:08,935 INFO o.a.j.e.StandardJMeterEngine: All thread groups have been started
2023-03-30 12:28:08,936 INFO o.a.j.t.JMeterThread: Thread started: Thread Group 1-1
2023-03-30 12:28:08,949 INFO o.a.j.p.h.s.HTTPHCAbstractImpl: Local host = SHADAN
2023-03-30 12:28:08,955 INFO o.a.j.p.h.s.HTTPHC4Impl: HTTP request retry count = 0
2023-03-30 12:28:08,957 INFO o.a.j.s.SampleResult: Note: Sample TimeStamps are START times
2023-03-30 12:28:08,957 INFO o.a.j.s.SampleResult: sampleresult.default.encoding is set to ISO-8859-1
2023-03-30 12:28:08,957 INFO o.a.j.s.SampleResult: sampleresult.useNanoTime=true
2023-03-30 12:28:08,957 INFO o.a.j.s.SampleResult: sampleresult.nanoThreadSleep=5000
2023-03-30 12:28:09,150 INFO o.a.j.p.h.s.h.LazyLayeredConnectionSocketFactory: Setting up HTTPS TrustAll Socket Factory
2023-03-30 12:28:09,159 INFO o.a.j.u.JsseSSLManager: Using default SSL protocol: TLS
2023-03-30 12:28:09,159 INFO o.a.j.u.JsseSSLManager: SSL session context: per-thread
2023-03-30 12:28:09,441 INFO o.a.j.t.JMeterThread: Thread started: Thread Group 1-2
2023-03-30 12:28:09,952 INFO o.a.j.u.SSLManager: JmeterKeyStore Location:  type JKS
2023-03-30 12:28:09,955 INFO o.a.j.u.SSLManager: KeyStore created OK
2023-03-30 12:28:09,955 WARN o.a.j.u.SSLManager: Keystore file not found, loading empty keystore
2023-03-30 12:28:11,432 INFO o.a.j.t.JMeterThread: Thread is done: Thread Group 1-1
2023-03-30 12:28:11,432 INFO o.a.j.t.JMeterThread: Thread finished: Thread Group 1-1
2023-03-30 12:28:11,466 INFO o.a.j.t.JMeterThread: Thread is done: Thread Group 1-2
2023-03-30 12:28:11,466 INFO o.a.j.t.JMeterThread: Thread finished: Thread Group 1-2
2023-03-30 12:28:11,467 INFO o.a.j.e.StandardJMeterEngine: Notifying test listeners of end of test
2023-03-30 12:28:11,468 INFO o.a.j.r.Summariser: summary =      2 in 00:00:03 =    0.8/s Avg:  2216 Min:  2024 Max:  2408 Err:     0 (0.00%)
2023-03-30 12:28:11,468 INFO o.a.j.JMeter: Generating Dashboard
2023-03-30 12:28:11,468 INFO o.a.j.r.d.ReportGenerator: Flushing result collector before report Generation
2023-03-30 12:28:11,489 INFO o.a.j.r.p.NormalizerSampleConsumer: Using format, 'ms', to parse timeStamp field
2023-03-30 12:28:11,530 INFO o.a.j.r.p.AbstractSampleConsumer: class org.apache.jmeter.report.processor.AggregateConsumer#stopProducing(): beginDate produced 0 samples
2023-03-30 12:28:11,530 INFO o.a.j.r.p.AbstractSampleConsumer: class org.apache.jmeter.report.processor.AggregateConsumer#stopProducing(): endDate produced 0 samples
2023-03-30 12:28:11,531 INFO o.a.j.r.p.AbstractSampleConsumer: class org.apache.jmeter.report.processor.ApdexSummaryConsumer#stopProducing(): apdexSummary produced 0 samples
2023-03-30 12:28:11,531 INFO o.a.j.r.p.AbstractSampleConsumer: class org.apache.jmeter.report.processor.RequestsSummaryConsumer#stopProducing(): requestsSummary produced 0 samples
2023-03-30 12:28:11,536 INFO o.a.j.r.p.AbstractSampleConsumer: class org.apache.jmeter.report.processor.StatisticsSummaryConsumer#stopProducing(): statisticsSummary produced 0 samples
2023-03-30 12:28:11,539 INFO o.a.j.r.p.AbstractSampleConsumer: class org.apache.jmeter.report.processor.Top5ErrorsBySamplerConsumer#stopProducing(): top5ErrorsBySampler produced 0 samples
2023-03-30 12:28:11,539 INFO o.a.j.r.p.AbstractSampleConsumer: class org.apache.jmeter.report.processor.ErrorsSummaryConsumer#stopProducing(): errorsSummary produced 0 samples
2023-03-30 12:28:11,539 INFO o.a.j.r.p.AbstractSampleConsumer: class org.apache.jmeter.report.processor.graph.impl.HitsPerSecondGraphConsumer#stopProducing(): hitsPerSecond produced 0 samples
2023-03-30 12:28:11,549 INFO o.a.j.r.p.AbstractSampleConsumer: class org.apache.jmeter.report.processor.graph.impl.LatencyVSRequestGraphConsumer#stopProducing(): latencyVsRequest produced 0 samples
2023-03-30 12:28:11,550 INFO o.a.j.r.p.AbstractSampleConsumer: class org.apache.jmeter.report.processor.graph.impl.SyntheticResponseTimeDistributionGraphConsumer#stopProducing(): syntheticResponseTimeDistribution produced 0 samples
2023-03-30 12:28:11,550 INFO o.a.j.r.p.AbstractSampleConsumer: class org.apache.jmeter.report.processor.graph.impl.BytesThroughputGraphConsumer#stopProducing(): bytesThroughputOverTime produced 0 samples
2023-03-30 12:28:11,550 INFO o.a.j.r.p.AbstractSampleConsumer: class org.apache.jmeter.report.processor.graph.impl.CodesPerSecondGraphConsumer#stopProducing(): codesPerSecond produced 0 samples
2023-03-30 12:28:11,553 INFO o.a.j.r.p.AbstractSampleConsumer: class org.apache.jmeter.report.processor.graph.impl.ResponseTimeVSRequestGraphConsumer#stopProducing(): responseTimeVsRequest produced 0 samples
2023-03-30 12:28:11,553 INFO o.a.j.r.p.AbstractSampleConsumer: class org.apache.jmeter.report.processor.FilterConsumer#stopProducing(): startIntervalControlerFilter produced 42 samples
2023-03-30 12:28:11,553 INFO o.a.j.r.p.AbstractSampleConsumer: class org.apache.jmeter.report.processor.graph.impl.TotalTPSGraphConsumer#stopProducing(): totalTPS produced 0 samples
2023-03-30 12:28:11,553 INFO o.a.j.r.p.AbstractSampleConsumer: class org.apache.jmeter.report.processor.graph.impl.ActiveThreadsGraphConsumer#stopProducing(): activeThreadsOverTime produced 0 samples
2023-03-30 12:28:11,553 INFO o.a.j.r.p.AbstractSampleConsumer: class org.apache.jmeter.report.processor.graph.impl.TimeVSThreadGraphConsumer#stopProducing(): timeVsThreads produced 0 samples
2023-03-30 12:28:11,553 INFO o.a.j.r.p.AbstractSampleConsumer: class org.apache.jmeter.report.processor.graph.impl.ResponseTimeDistributionGraphConsumer#stopProducing(): responseTimeDistribution produced 0 samples
2023-03-30 12:28:11,555 INFO o.a.j.r.p.AbstractSampleConsumer: class org.apache.jmeter.report.processor.graph.impl.TransactionsPerSecondGraphConsumer#stopProducing(): transactionsPerSecond produced 0 samples
2023-03-30 12:28:11,555 INFO o.a.j.r.p.AbstractSampleConsumer: class org.apache.jmeter.report.processor.graph.impl.ResponseTimePercentilesGraphConsumer#stopProducing(): responseTimePercentiles produced 0 samples
2023-03-30 12:28:11,556 INFO o.a.j.r.p.AbstractSampleConsumer: class org.apache.jmeter.report.processor.graph.impl.ResponseTimePercentilesOverTimeGraphConsumer#stopProducing(): responseTimePercentilesOverTime produced 0 samples
2023-03-30 12:28:11,556 INFO o.a.j.r.p.AbstractSampleConsumer: class org.apache.jmeter.report.processor.graph.impl.ResponseTimeOverTimeGraphConsumer#stopProducing(): responseTimesOverTime produced 0 samples
2023-03-30 12:28:11,556 INFO o.a.j.r.p.AbstractSampleConsumer: class org.apache.jmeter.report.processor.graph.impl.ConnectTimeOverTimeGraphConsumer#stopProducing(): connectTimeOverTime produced 0 samples
2023-03-30 12:28:11,556 INFO o.a.j.r.p.AbstractSampleConsumer: class org.apache.jmeter.report.processor.graph.impl.LatencyOverTimeGraphConsumer#stopProducing(): latenciesOverTime produced 0 samples
2023-03-30 12:28:11,556 INFO o.a.j.r.p.AbstractSampleConsumer: class org.apache.jmeter.report.processor.FilterConsumer#stopProducing(): nameFilter produced 90 samples
2023-03-30 12:28:11,556 INFO o.a.j.r.p.AbstractSampleConsumer: class org.apache.jmeter.report.processor.FilterConsumer#stopProducing(): dateRangeFilter produced 18 samples
2023-03-30 12:28:11,556 INFO o.a.j.r.p.AbstractSampleConsumer: class org.apache.jmeter.report.processor.NormalizerSampleConsumer#stopProducing(): normalizer produced 6 samples
2023-03-30 12:28:11,557 INFO o.a.j.r.p.CsvFileSampleSource: produce(): 6 samples produced in 47ms on channel 0
2023-03-30 12:28:11,557 INFO o.a.j.r.d.ReportGenerator: Exporting data using exporter:'json' of className:'org.apache.jmeter.report.dashboard.JsonExporter'
2023-03-30 12:28:11,644 INFO o.a.j.r.d.JsonExporter: Found data for consumer statisticsSummary in context
2023-03-30 12:28:11,645 INFO o.a.j.r.d.JsonExporter: Creating statistics for overall
2023-03-30 12:28:11,645 INFO o.a.j.r.d.JsonExporter: Creating statistics for other transactions
2023-03-30 12:28:11,645 INFO o.a.j.r.d.JsonExporter: Checking output folder
2023-03-30 12:28:11,646 INFO o.a.j.r.d.JsonExporter: Writing statistics JSON to D:\report1300323 122806\statistics.json
2023-03-30 12:28:11,677 INFO o.a.j.r.d.ReportGenerator: Exporting data using exporter:'html' of className:'org.apache.jmeter.report.dashboard.HtmlTemplateExporter'
2023-03-30 12:28:11,679 INFO o.a.j.r.d.HtmlTemplateExporter: Will generate dashboard in folder: D:\report1300323 122806
2023-03-30 12:28:11,763 INFO o.a.j.r.d.HtmlTemplateExporter: Report will be generated in: D:\report1300323 122806, creating folder structure
2023-03-30 12:28:11,765 INFO o.a.j.r.d.TemplateVisitor: Copying folder from 'C:\Users\shadan\Documents\jmeter\apache-jmeter-5.5\bin\report-template' to 'D:\report1300323 122806', got message: D:\report1300323 122806, found non empty folder with following content [D:\report1300323 122806\statistics.json], will be ignored
2023-03-30 12:28:12,060 INFO o.a.j.JMeter: Dashboard generated
