2023-03-16 10:33:36,985 INFO o.a.j.u.JMeterUtils: Setting Locale to en_EN
2023-03-16 10:33:36,999 INFO o.a.j.JMeter: Loading user properties from: C:\Users\shadan\Documents\jmeter\apache-jmeter-5.5\bin\user.properties
2023-03-16 10:33:37,000 INFO o.a.j.JMeter: Loading system properties from: C:\Users\shadan\Documents\jmeter\apache-jmeter-5.5\bin\system.properties
2023-03-16 10:33:37,008 INFO o.a.j.JMeter: Copyright (c) 1998-2022 The Apache Software Foundation
2023-03-16 10:33:37,008 INFO o.a.j.JMeter: Version 5.5
2023-03-16 10:33:37,008 INFO o.a.j.JMeter: java.version=1.8.0_341
2023-03-16 10:33:37,008 INFO o.a.j.JMeter: java.vm.name=Java HotSpot(TM) 64-Bit Server VM
2023-03-16 10:33:37,008 INFO o.a.j.JMeter: os.name=Windows 10
2023-03-16 10:33:37,008 INFO o.a.j.JMeter: os.arch=amd64
2023-03-16 10:33:37,008 INFO o.a.j.JMeter: os.version=10.0
2023-03-16 10:33:37,008 INFO o.a.j.JMeter: file.encoding=Cp1252
2023-03-16 10:33:37,009 INFO o.a.j.JMeter: java.awt.headless=true
2023-03-16 10:33:37,009 INFO o.a.j.JMeter: Max memory     =1073741824
2023-03-16 10:33:37,009 INFO o.a.j.JMeter: Available Processors =8
2023-03-16 10:33:37,013 INFO o.a.j.JMeter: Default Locale=English (EN)
2023-03-16 10:33:37,014 INFO o.a.j.JMeter: JMeter  Locale=English (EN)
2023-03-16 10:33:37,014 INFO o.a.j.JMeter: JMeterHome=C:\Users\shadan\Documents\jmeter\apache-jmeter-5.5
2023-03-16 10:33:37,014 INFO o.a.j.JMeter: user.dir  =C:\Users\shadan\Desktop\C#\jmet16-03-23\jmet16-03-23\bin\Debug\net6.0
2023-03-16 10:33:37,014 INFO o.a.j.JMeter: PWD       =C:\Users\shadan\Desktop\C#\jmet16-03-23\jmet16-03-23\bin\Debug\net6.0
2023-03-16 10:33:37,015 INFO o.a.j.JMeter: IP: 192.168.18.32 Name: SHADAN FullName: SHADAN
2023-03-16 10:33:37,042 INFO o.a.j.s.FileServer: Default base='C:\Users\shadan\Desktop\C#\jmet16-03-23\jmet16-03-23\bin\Debug\net6.0'
2023-03-16 10:33:37,044 INFO o.a.j.s.FileServer: Set new base='C:\Users\shadan\Documents\jmeter\apache-jmeter-5.5\bin'
2023-03-16 10:33:37,201 INFO o.a.j.s.SaveService: Testplan (JMX) version: 2.2. Testlog (JTL) version: 2.2
2023-03-16 10:33:37,237 INFO o.a.j.s.SaveService: Using SaveService properties file encoding UTF-8
2023-03-16 10:33:37,242 INFO o.a.j.s.SaveService: Using SaveService properties version 5.0
2023-03-16 10:33:37,248 INFO o.a.j.s.SaveService: Loading file: C:\Users\shadan\Documents\jmeter\apache-jmeter-5.5\bin\mytest.jmx
2023-03-16 10:33:37,315 INFO o.a.j.p.h.s.HTTPSamplerBase: Parser for text/html is org.apache.jmeter.protocol.http.parser.LagartoBasedHtmlParser
2023-03-16 10:33:37,315 INFO o.a.j.p.h.s.HTTPSamplerBase: Parser for application/xhtml+xml is org.apache.jmeter.protocol.http.parser.LagartoBasedHtmlParser
2023-03-16 10:33:37,315 INFO o.a.j.p.h.s.HTTPSamplerBase: Parser for application/xml is org.apache.jmeter.protocol.http.parser.LagartoBasedHtmlParser
2023-03-16 10:33:37,315 INFO o.a.j.p.h.s.HTTPSamplerBase: Parser for text/xml is org.apache.jmeter.protocol.http.parser.LagartoBasedHtmlParser
2023-03-16 10:33:37,315 INFO o.a.j.p.h.s.HTTPSamplerBase: Parser for text/vnd.wap.wml is org.apache.jmeter.protocol.http.parser.RegexpHTMLParser
2023-03-16 10:33:37,315 INFO o.a.j.p.h.s.HTTPSamplerBase: Parser for text/css is org.apache.jmeter.protocol.http.parser.CssParser
2023-03-16 10:33:37,587 INFO o.a.j.JMeter: Creating summariser <summary>
2023-03-16 10:33:37,602 INFO o.a.j.e.StandardJMeterEngine: Running the test!
2023-03-16 10:33:37,603 INFO o.a.j.s.SampleEvent: List of sample_variables: []
2023-03-16 10:33:37,603 INFO o.a.j.s.SampleEvent: List of sample_variables: []
2023-03-16 10:33:37,609 INFO o.a.j.e.u.CompoundVariable: Note: Function class names must contain the string: '.functions.'
2023-03-16 10:33:37,609 INFO o.a.j.e.u.CompoundVariable: Note: Function class names must not contain the string: '.gui.'
2023-03-16 10:33:37,929 INFO o.a.j.JMeter: Running test (1678943017929)
2023-03-16 10:33:37,964 INFO o.a.j.e.StandardJMeterEngine: Starting ThreadGroup: 1 : Thread Group
2023-03-16 10:33:37,964 INFO o.a.j.e.StandardJMeterEngine: Starting 1 threads for group Thread Group.
2023-03-16 10:33:37,965 INFO o.a.j.e.StandardJMeterEngine: Thread will continue on error
2023-03-16 10:33:37,965 INFO o.a.j.t.ThreadGroup: Starting thread group... number=1 threads=1 ramp-up=1 delayedStart=false
2023-03-16 10:33:37,968 INFO o.a.j.t.ThreadGroup: Started thread group number 1
2023-03-16 10:33:37,968 INFO o.a.j.e.StandardJMeterEngine: All thread groups have been started
2023-03-16 10:33:37,970 INFO o.a.j.t.JMeterThread: Thread started: Thread Group 1-1
2023-03-16 10:33:37,993 INFO o.a.j.p.h.s.HTTPHCAbstractImpl: Local host = SHADAN
2023-03-16 10:33:38,000 INFO o.a.j.p.h.s.HTTPHC4Impl: HTTP request retry count = 0
2023-03-16 10:33:38,001 INFO o.a.j.s.SampleResult: Note: Sample TimeStamps are START times
2023-03-16 10:33:38,001 INFO o.a.j.s.SampleResult: sampleresult.default.encoding is set to ISO-8859-1
2023-03-16 10:33:38,001 INFO o.a.j.s.SampleResult: sampleresult.useNanoTime=true
2023-03-16 10:33:38,001 INFO o.a.j.s.SampleResult: sampleresult.nanoThreadSleep=5000
2023-03-16 10:33:38,205 INFO o.a.j.p.h.s.h.LazyLayeredConnectionSocketFactory: Setting up HTTPS TrustAll Socket Factory
2023-03-16 10:33:38,214 INFO o.a.j.u.JsseSSLManager: Using default SSL protocol: TLS
2023-03-16 10:33:38,215 INFO o.a.j.u.JsseSSLManager: SSL session context: per-thread
2023-03-16 10:33:39,222 INFO o.a.j.u.SSLManager: JmeterKeyStore Location:  type JKS
2023-03-16 10:33:39,225 INFO o.a.j.u.SSLManager: KeyStore created OK
2023-03-16 10:33:39,225 WARN o.a.j.u.SSLManager: Keystore file not found, loading empty keystore
2023-03-16 10:33:40,905 INFO o.a.j.t.JMeterThread: Thread is done: Thread Group 1-1
2023-03-16 10:33:40,906 INFO o.a.j.t.JMeterThread: Thread finished: Thread Group 1-1
2023-03-16 10:33:40,918 INFO o.a.j.e.StandardJMeterEngine: Notifying test listeners of end of test
2023-03-16 10:33:40,920 INFO o.a.j.r.Summariser: summary =      1 in 00:00:03 =    0.3/s Avg:  2829 Min:  2829 Max:  2829 Err:     0 (0.00%)
